{"/home/unior_obo/Projects/virtualization/src/scripts/migration/coordinator.ts": {"path":"/home/unior_obo/Projects/virtualization/src/scripts/migration/coordinator.ts","statementMap":{"0":{"start":{"line":27,"column":4},"end":{"line":27,"column":null}},"1":{"start":{"line":28,"column":4},"end":{"line":28,"column":null}},"2":{"start":{"line":38,"column":4},"end":{"line":40,"column":null}},"3":{"start":{"line":39,"column":6},"end":{"line":39,"column":null}},"4":{"start":{"line":43,"column":19},"end":{"line":43,"column":null}},"5":{"start":{"line":45,"column":36},"end":{"line":57,"column":null}},"6":{"start":{"line":59,"column":4},"end":{"line":62,"column":null}},"7":{"start":{"line":60,"column":6},"end":{"line":60,"column":null}},"8":{"start":{"line":61,"column":6},"end":{"line":61,"column":null}},"9":{"start":{"line":64,"column":4},"end":{"line":64,"column":null}},"10":{"start":{"line":73,"column":4},"end":{"line":73,"column":null}},"11":{"start":{"line":82,"column":4},"end":{"line":87,"column":null}}},"fnMap":{"0":{"name":"(anonymous_0)","decl":{"start":{"line":26,"column":2},"end":{"line":26,"column":14}},"loc":{"start":{"line":26,"column":66},"end":{"line":29,"column":null}},"line":26},"1":{"name":"(anonymous_1)","decl":{"start":{"line":34,"column":8},"end":{"line":34,"column":53}},"loc":{"start":{"line":34,"column":53},"end":{"line":65,"column":null}},"line":34},"2":{"name":"(anonymous_2)","decl":{"start":{"line":70,"column":10},"end":{"line":70,"column":36}},"loc":{"start":{"line":70,"column":36},"end":{"line":74,"column":null}},"line":70},"3":{"name":"(anonymous_3)","decl":{"start":{"line":79,"column":16},"end":{"line":79,"column":63}},"loc":{"start":{"line":79,"column":63},"end":{"line":88,"column":null}},"line":79}},"branchMap":{"0":{"loc":{"start":{"line":38,"column":4},"end":{"line":40,"column":null}},"type":"if","locations":[{"start":{"line":38,"column":4},"end":{"line":40,"column":null}},{"start":{},"end":{}}],"line":38},"1":{"loc":{"start":{"line":59,"column":4},"end":{"line":62,"column":null}},"type":"if","locations":[{"start":{"line":59,"column":4},"end":{"line":62,"column":null}},{"start":{},"end":{}}],"line":59}},"s":{"0":3,"1":3,"2":2,"3":0,"4":2,"5":2,"6":2,"7":0,"8":0,"9":2,"10":2,"11":0},"f":{"0":3,"1":2,"2":2,"3":0},"b":{"0":[0,2],"1":[0,2]},"meta":{"lastBranch":2,"lastFunction":4,"lastStatement":12,"seen":{"f:26:2:26:14":0,"s:27:4:27:Infinity":0,"s:28:4:28:Infinity":1,"f:34:8:34:53":1,"b:38:4:40:Infinity:undefined:undefined:undefined:undefined":0,"s:38:4:40:Infinity":2,"s:39:6:39:Infinity":3,"s:43:19:43:Infinity":4,"s:45:36:57:Infinity":5,"b:59:4:62:Infinity:undefined:undefined:undefined:undefined":1,"s:59:4:62:Infinity":6,"s:60:6:60:Infinity":7,"s:61:6:61:Infinity":8,"s:64:4:64:Infinity":9,"f:70:10:70:36":2,"s:73:4:73:Infinity":10,"f:79:16:79:63":3,"s:82:4:87:Infinity":11}}}
,"/home/unior_obo/Projects/virtualization/src/scripts/migration/import-matcher.ts": {"path":"/home/unior_obo/Projects/virtualization/src/scripts/migration/import-matcher.ts","statementMap":{"0":{"start":{"line":25,"column":31},"end":{"line":25,"column":null}},"1":{"start":{"line":30,"column":28},"end":{"line":30,"column":null}},"2":{"start":{"line":91,"column":30},"end":{"line":91,"column":null}},"3":{"start":{"line":92,"column":18},"end":{"line":92,"column":null}},"4":{"start":{"line":94,"column":4},"end":{"line":99,"column":null}},"5":{"start":{"line":95,"column":20},"end":{"line":95,"column":null}},"6":{"start":{"line":96,"column":6},"end":{"line":98,"column":null}},"7":{"start":{"line":97,"column":8},"end":{"line":97,"column":null}},"8":{"start":{"line":101,"column":4},"end":{"line":101,"column":null}},"9":{"start":{"line":108,"column":4},"end":{"line":108,"column":null}},"10":{"start":{"line":116,"column":4},"end":{"line":125,"column":null}},"11":{"start":{"line":118,"column":6},"end":{"line":118,"column":null}},"12":{"start":{"line":118,"column":43},"end":{"line":118,"column":null}},"13":{"start":{"line":119,"column":6},"end":{"line":119,"column":null}},"14":{"start":{"line":119,"column":44},"end":{"line":119,"column":null}},"15":{"start":{"line":120,"column":6},"end":{"line":120,"column":null}},"16":{"start":{"line":120,"column":49},"end":{"line":120,"column":null}},"17":{"start":{"line":121,"column":6},"end":{"line":121,"column":null}},"18":{"start":{"line":121,"column":47},"end":{"line":121,"column":null}},"19":{"start":{"line":122,"column":6},"end":{"line":122,"column":null}},"20":{"start":{"line":122,"column":43},"end":{"line":122,"column":null}},"21":{"start":{"line":123,"column":6},"end":{"line":123,"column":null}},"22":{"start":{"line":123,"column":44},"end":{"line":123,"column":null}},"23":{"start":{"line":124,"column":6},"end":{"line":124,"column":null}},"24":{"start":{"line":128,"column":34},"end":{"line":128,"column":null}},"25":{"start":{"line":131,"column":23},"end":{"line":131,"column":null}},"26":{"start":{"line":132,"column":25},"end":{"line":132,"column":null}},"27":{"start":{"line":135,"column":27},"end":{"line":135,"column":null}},"28":{"start":{"line":138,"column":4},"end":{"line":138,"column":null}},"29":{"start":{"line":138,"column":47},"end":{"line":138,"column":null}},"30":{"start":{"line":139,"column":4},"end":{"line":139,"column":null}},"31":{"start":{"line":139,"column":48},"end":{"line":139,"column":null}},"32":{"start":{"line":140,"column":4},"end":{"line":140,"column":null}},"33":{"start":{"line":140,"column":53},"end":{"line":140,"column":null}},"34":{"start":{"line":141,"column":4},"end":{"line":141,"column":null}},"35":{"start":{"line":141,"column":51},"end":{"line":141,"column":null}},"36":{"start":{"line":142,"column":4},"end":{"line":142,"column":null}},"37":{"start":{"line":142,"column":47},"end":{"line":142,"column":null}},"38":{"start":{"line":143,"column":4},"end":{"line":143,"column":null}},"39":{"start":{"line":143,"column":48},"end":{"line":143,"column":null}},"40":{"start":{"line":145,"column":4},"end":{"line":145,"column":null}},"41":{"start":{"line":153,"column":4},"end":{"line":155,"column":null}},"42":{"start":{"line":154,"column":6},"end":{"line":154,"column":null}},"43":{"start":{"line":158,"column":34},"end":{"line":158,"column":null}},"44":{"start":{"line":161,"column":23},"end":{"line":161,"column":null}},"45":{"start":{"line":162,"column":31},"end":{"line":162,"column":null}},"46":{"start":{"line":163,"column":22},"end":{"line":163,"column":null}},"47":{"start":{"line":166,"column":33},"end":{"line":166,"column":null}},"48":{"start":{"line":167,"column":32},"end":{"line":167,"column":null}},"49":{"start":{"line":170,"column":4},"end":{"line":170,"column":null}},"50":{"start":{"line":177,"column":4},"end":{"line":177,"column":null}},"51":{"start":{"line":185,"column":4},"end":{"line":187,"column":null}},"52":{"start":{"line":186,"column":6},"end":{"line":186,"column":null}},"53":{"start":{"line":190,"column":4},"end":{"line":192,"column":null}},"54":{"start":{"line":191,"column":6},"end":{"line":191,"column":null}},"55":{"start":{"line":194,"column":4},"end":{"line":194,"column":null}},"56":{"start":{"line":204,"column":16},"end":{"line":204,"column":null}},"57":{"start":{"line":205,"column":2},"end":{"line":205,"column":null}},"58":{"start":{"line":212,"column":2},"end":{"line":212,"column":null}}},"fnMap":{"0":{"name":"(anonymous_0)","decl":{"start":{"line":90,"column":2},"end":{"line":90,"column":17}},"loc":{"start":{"line":90,"column":44},"end":{"line":102,"column":null}},"line":90},"1":{"name":"(anonymous_1)","decl":{"start":{"line":107,"column":2},"end":{"line":107,"column":19}},"loc":{"start":{"line":107,"column":48},"end":{"line":109,"column":null}},"line":107},"2":{"name":"(anonymous_2)","decl":{"start":{"line":114,"column":2},"end":{"line":114,"column":22}},"loc":{"start":{"line":114,"column":81},"end":{"line":146,"column":null}},"line":114},"3":{"name":"(anonymous_3)","decl":{"start":{"line":151,"column":2},"end":{"line":151,"column":24}},"loc":{"start":{"line":151,"column":78},"end":{"line":171,"column":null}},"line":151},"4":{"name":"(anonymous_4)","decl":{"start":{"line":176,"column":2},"end":{"line":176,"column":20}},"loc":{"start":{"line":176,"column":49},"end":{"line":178,"column":null}},"line":176},"5":{"name":"(anonymous_5)","decl":{"start":{"line":183,"column":2},"end":{"line":183,"column":25}},"loc":{"start":{"line":183,"column":79},"end":{"line":195,"column":null}},"line":183},"6":{"name":"extractImportPath","decl":{"start":{"line":203,"column":16},"end":{"line":203,"column":34}},"loc":{"start":{"line":203,"column":74},"end":{"line":206,"column":null}},"line":203},"7":{"name":"createImportMatcher","decl":{"start":{"line":211,"column":16},"end":{"line":211,"column":53}},"loc":{"start":{"line":211,"column":53},"end":{"line":213,"column":null}},"line":211}},"branchMap":{"0":{"loc":{"start":{"line":96,"column":6},"end":{"line":98,"column":null}},"type":"if","locations":[{"start":{"line":96,"column":6},"end":{"line":98,"column":null}},{"start":{},"end":{}}],"line":96},"1":{"loc":{"start":{"line":108,"column":11},"end":{"line":108,"column":null}},"type":"binary-expr","locations":[{"start":{"line":108,"column":11},"end":{"line":108,"column":42}},{"start":{"line":108,"column":42},"end":{"line":108,"column":null}}],"line":108},"2":{"loc":{"start":{"line":116,"column":4},"end":{"line":125,"column":null}},"type":"if","locations":[{"start":{"line":116,"column":4},"end":{"line":125,"column":null}},{"start":{},"end":{}}],"line":116},"3":{"loc":{"start":{"line":118,"column":6},"end":{"line":118,"column":null}},"type":"if","locations":[{"start":{"line":118,"column":6},"end":{"line":118,"column":null}},{"start":{},"end":{}}],"line":118},"4":{"loc":{"start":{"line":119,"column":6},"end":{"line":119,"column":null}},"type":"if","locations":[{"start":{"line":119,"column":6},"end":{"line":119,"column":null}},{"start":{},"end":{}}],"line":119},"5":{"loc":{"start":{"line":120,"column":6},"end":{"line":120,"column":null}},"type":"if","locations":[{"start":{"line":120,"column":6},"end":{"line":120,"column":null}},{"start":{},"end":{}}],"line":120},"6":{"loc":{"start":{"line":121,"column":6},"end":{"line":121,"column":null}},"type":"if","locations":[{"start":{"line":121,"column":6},"end":{"line":121,"column":null}},{"start":{},"end":{}}],"line":121},"7":{"loc":{"start":{"line":122,"column":6},"end":{"line":122,"column":null}},"type":"if","locations":[{"start":{"line":122,"column":6},"end":{"line":122,"column":null}},{"start":{},"end":{}}],"line":122},"8":{"loc":{"start":{"line":123,"column":6},"end":{"line":123,"column":null}},"type":"if","locations":[{"start":{"line":123,"column":6},"end":{"line":123,"column":null}},{"start":{},"end":{}}],"line":123},"9":{"loc":{"start":{"line":138,"column":4},"end":{"line":138,"column":null}},"type":"if","locations":[{"start":{"line":138,"column":4},"end":{"line":138,"column":null}},{"start":{},"end":{}}],"line":138},"10":{"loc":{"start":{"line":139,"column":4},"end":{"line":139,"column":null}},"type":"if","locations":[{"start":{"line":139,"column":4},"end":{"line":139,"column":null}},{"start":{},"end":{}}],"line":139},"11":{"loc":{"start":{"line":140,"column":4},"end":{"line":140,"column":null}},"type":"if","locations":[{"start":{"line":140,"column":4},"end":{"line":140,"column":null}},{"start":{},"end":{}}],"line":140},"12":{"loc":{"start":{"line":141,"column":4},"end":{"line":141,"column":null}},"type":"if","locations":[{"start":{"line":141,"column":4},"end":{"line":141,"column":null}},{"start":{},"end":{}}],"line":141},"13":{"loc":{"start":{"line":142,"column":4},"end":{"line":142,"column":null}},"type":"if","locations":[{"start":{"line":142,"column":4},"end":{"line":142,"column":null}},{"start":{},"end":{}}],"line":142},"14":{"loc":{"start":{"line":143,"column":4},"end":{"line":143,"column":null}},"type":"if","locations":[{"start":{"line":143,"column":4},"end":{"line":143,"column":null}},{"start":{},"end":{}}],"line":143},"15":{"loc":{"start":{"line":153,"column":4},"end":{"line":155,"column":null}},"type":"if","locations":[{"start":{"line":153,"column":4},"end":{"line":155,"column":null}},{"start":{},"end":{}}],"line":153},"16":{"loc":{"start":{"line":177,"column":11},"end":{"line":177,"column":null}},"type":"binary-expr","locations":[{"start":{"line":177,"column":11},"end":{"line":177,"column":42}},{"start":{"line":177,"column":42},"end":{"line":177,"column":null}}],"line":177},"17":{"loc":{"start":{"line":185,"column":4},"end":{"line":187,"column":null}},"type":"if","locations":[{"start":{"line":185,"column":4},"end":{"line":187,"column":null}},{"start":{},"end":{}}],"line":185},"18":{"loc":{"start":{"line":190,"column":4},"end":{"line":192,"column":null}},"type":"if","locations":[{"start":{"line":190,"column":4},"end":{"line":192,"column":null}},{"start":{},"end":{}}],"line":190},"19":{"loc":{"start":{"line":205,"column":9},"end":{"line":205,"column":null}},"type":"cond-expr","locations":[{"start":{"line":205,"column":17},"end":{"line":205,"column":28}},{"start":{"line":205,"column":28},"end":{"line":205,"column":null}}],"line":205}},"s":{"0":1,"1":1,"2":9,"3":9,"4":9,"5":17,"6":17,"7":12,"8":9,"9":43,"10":17,"11":9,"12":1,"13":8,"14":1,"15":7,"16":1,"17":6,"18":1,"19":5,"20":1,"21":4,"22":1,"23":3,"24":8,"25":8,"26":8,"27":8,"28":8,"29":3,"30":5,"31":1,"32":4,"33":1,"34":3,"35":1,"36":2,"37":2,"38":1,"39":1,"40":0,"41":11,"42":2,"43":9,"44":9,"45":9,"46":9,"47":9,"48":9,"49":9,"50":20,"51":5,"52":2,"53":3,"54":1,"55":2,"56":8,"57":8,"58":2},"f":{"0":9,"1":43,"2":17,"3":11,"4":20,"5":5,"6":8,"7":2},"b":{"0":[12,5],"1":[43,33],"2":[9,8],"3":[1,8],"4":[1,7],"5":[1,6],"6":[1,5],"7":[1,4],"8":[1,3],"9":[3,5],"10":[1,4],"11":[1,3],"12":[1,2],"13":[1,1],"14":[1,0],"15":[2,9],"16":[20,11],"17":[2,3],"18":[1,2],"19":[7,1]},"meta":{"lastBranch":20,"lastFunction":8,"lastStatement":59,"seen":{"s:25:31:25:Infinity":0,"s:30:28:30:Infinity":1,"f:90:2:90:17":0,"s:91:30:91:Infinity":2,"s:92:18:92:Infinity":3,"s:94:4:99:Infinity":4,"s:95:20:95:Infinity":5,"b:96:6:98:Infinity:undefined:undefined:undefined:undefined":0,"s:96:6:98:Infinity":6,"s:97:8:97:Infinity":7,"s:101:4:101:Infinity":8,"f:107:2:107:19":1,"s:108:4:108:Infinity":9,"b:108:11:108:42:108:42:108:Infinity":1,"f:114:2:114:22":2,"b:116:4:125:Infinity:undefined:undefined:undefined:undefined":2,"s:116:4:125:Infinity":10,"b:118:6:118:Infinity:undefined:undefined:undefined:undefined":3,"s:118:6:118:Infinity":11,"s:118:43:118:Infinity":12,"b:119:6:119:Infinity:undefined:undefined:undefined:undefined":4,"s:119:6:119:Infinity":13,"s:119:44:119:Infinity":14,"b:120:6:120:Infinity:undefined:undefined:undefined:undefined":5,"s:120:6:120:Infinity":15,"s:120:49:120:Infinity":16,"b:121:6:121:Infinity:undefined:undefined:undefined:undefined":6,"s:121:6:121:Infinity":17,"s:121:47:121:Infinity":18,"b:122:6:122:Infinity:undefined:undefined:undefined:undefined":7,"s:122:6:122:Infinity":19,"s:122:43:122:Infinity":20,"b:123:6:123:Infinity:undefined:undefined:undefined:undefined":8,"s:123:6:123:Infinity":21,"s:123:44:123:Infinity":22,"s:124:6:124:Infinity":23,"s:128:34:128:Infinity":24,"s:131:23:131:Infinity":25,"s:132:25:132:Infinity":26,"s:135:27:135:Infinity":27,"b:138:4:138:Infinity:undefined:undefined:undefined:undefined":9,"s:138:4:138:Infinity":28,"s:138:47:138:Infinity":29,"b:139:4:139:Infinity:undefined:undefined:undefined:undefined":10,"s:139:4:139:Infinity":30,"s:139:48:139:Infinity":31,"b:140:4:140:Infinity:undefined:undefined:undefined:undefined":11,"s:140:4:140:Infinity":32,"s:140:53:140:Infinity":33,"b:141:4:141:Infinity:undefined:undefined:undefined:undefined":12,"s:141:4:141:Infinity":34,"s:141:51:141:Infinity":35,"b:142:4:142:Infinity:undefined:undefined:undefined:undefined":13,"s:142:4:142:Infinity":36,"s:142:47:142:Infinity":37,"b:143:4:143:Infinity:undefined:undefined:undefined:undefined":14,"s:143:4:143:Infinity":38,"s:143:48:143:Infinity":39,"s:145:4:145:Infinity":40,"f:151:2:151:24":3,"b:153:4:155:Infinity:undefined:undefined:undefined:undefined":15,"s:153:4:155:Infinity":41,"s:154:6:154:Infinity":42,"s:158:34:158:Infinity":43,"s:161:23:161:Infinity":44,"s:162:31:162:Infinity":45,"s:163:22:163:Infinity":46,"s:166:33:166:Infinity":47,"s:167:32:167:Infinity":48,"s:170:4:170:Infinity":49,"f:176:2:176:20":4,"s:177:4:177:Infinity":50,"b:177:11:177:42:177:42:177:Infinity":16,"f:183:2:183:25":5,"b:185:4:187:Infinity:undefined:undefined:undefined:undefined":17,"s:185:4:187:Infinity":51,"s:186:6:186:Infinity":52,"b:190:4:192:Infinity:undefined:undefined:undefined:undefined":18,"s:190:4:192:Infinity":53,"s:191:6:191:Infinity":54,"s:194:4:194:Infinity":55,"f:203:16:203:34":6,"s:204:16:204:Infinity":56,"s:205:2:205:Infinity":57,"b:205:17:205:28:205:28:205:Infinity":19,"f:211:16:211:53":7,"s:212:2:212:Infinity":58}}}
,"/home/unior_obo/Projects/virtualization/src/scripts/migration/import-organizer.ts": {"path":"/home/unior_obo/Projects/virtualization/src/scripts/migration/import-organizer.ts","statementMap":{"0":{"start":{"line":55,"column":47},"end":{"line":64,"column":null}},"1":{"start":{"line":71,"column":19},"end":{"line":71,"column":null}},"2":{"start":{"line":74,"column":4},"end":{"line":76,"column":null}},"3":{"start":{"line":75,"column":6},"end":{"line":75,"column":null}},"4":{"start":{"line":79,"column":4},"end":{"line":82,"column":null}},"5":{"start":{"line":80,"column":20},"end":{"line":80,"column":null}},"6":{"start":{"line":81,"column":6},"end":{"line":81,"column":null}},"7":{"start":{"line":85,"column":40},"end":{"line":85,"column":null}},"8":{"start":{"line":87,"column":4},"end":{"line":93,"column":null}},"9":{"start":{"line":88,"column":27},"end":{"line":88,"column":null}},"10":{"start":{"line":89,"column":6},"end":{"line":92,"column":null}},"11":{"start":{"line":91,"column":8},"end":{"line":91,"column":null}},"12":{"start":{"line":96,"column":4},"end":{"line":96,"column":null}},"13":{"start":{"line":103,"column":19},"end":{"line":103,"column":null}},"14":{"start":{"line":105,"column":4},"end":{"line":108,"column":null}},"15":{"start":{"line":107,"column":6},"end":{"line":107,"column":null}},"16":{"start":{"line":111,"column":4},"end":{"line":113,"column":null}},"17":{"start":{"line":112,"column":6},"end":{"line":112,"column":null}},"18":{"start":{"line":117,"column":23},"end":{"line":117,"column":null}},"19":{"start":{"line":120,"column":4},"end":{"line":122,"column":null}},"20":{"start":{"line":121,"column":6},"end":{"line":121,"column":null}},"21":{"start":{"line":123,"column":4},"end":{"line":125,"column":null}},"22":{"start":{"line":124,"column":6},"end":{"line":124,"column":null}},"23":{"start":{"line":126,"column":4},"end":{"line":128,"column":null}},"24":{"start":{"line":127,"column":6},"end":{"line":127,"column":null}},"25":{"start":{"line":129,"column":4},"end":{"line":131,"column":null}},"26":{"start":{"line":130,"column":6},"end":{"line":130,"column":null}},"27":{"start":{"line":132,"column":4},"end":{"line":134,"column":null}},"28":{"start":{"line":133,"column":6},"end":{"line":133,"column":null}},"29":{"start":{"line":135,"column":4},"end":{"line":138,"column":null}},"30":{"start":{"line":137,"column":6},"end":{"line":137,"column":null}},"31":{"start":{"line":141,"column":4},"end":{"line":146,"column":null}},"32":{"start":{"line":145,"column":6},"end":{"line":145,"column":null}},"33":{"start":{"line":149,"column":4},"end":{"line":151,"column":null}},"34":{"start":{"line":150,"column":6},"end":{"line":150,"column":null}},"35":{"start":{"line":154,"column":4},"end":{"line":154,"column":null}},"36":{"start":{"line":162,"column":18},"end":{"line":162,"column":null}},"37":{"start":{"line":163,"column":4},"end":{"line":165,"column":null}},"38":{"start":{"line":164,"column":6},"end":{"line":164,"column":null}},"39":{"start":{"line":168,"column":25},"end":{"line":168,"column":null}},"40":{"start":{"line":169,"column":4},"end":{"line":171,"column":null}},"41":{"start":{"line":170,"column":6},"end":{"line":170,"column":null}},"42":{"start":{"line":174,"column":28},"end":{"line":174,"column":null}},"43":{"start":{"line":175,"column":4},"end":{"line":177,"column":null}},"44":{"start":{"line":176,"column":6},"end":{"line":176,"column":null}},"45":{"start":{"line":179,"column":4},"end":{"line":179,"column":null}},"46":{"start":{"line":187,"column":4},"end":{"line":187,"column":null}},"47":{"start":{"line":195,"column":2},"end":{"line":195,"column":null}},"48":{"start":{"line":208,"column":16},"end":{"line":208,"column":null}},"49":{"start":{"line":209,"column":28},"end":{"line":209,"column":null}},"50":{"start":{"line":210,"column":27},"end":{"line":210,"column":null}},"51":{"start":{"line":213,"column":2},"end":{"line":229,"column":null}},"52":{"start":{"line":213,"column":15},"end":{"line":213,"column":18}},"53":{"start":{"line":214,"column":17},"end":{"line":214,"column":null}},"54":{"start":{"line":217,"column":4},"end":{"line":219,"column":null}},"55":{"start":{"line":218,"column":6},"end":{"line":218,"column":null}},"56":{"start":{"line":222,"column":4},"end":{"line":228,"column":null}},"57":{"start":{"line":223,"column":6},"end":{"line":223,"column":null}},"58":{"start":{"line":224,"column":4},"end":{"line":228,"column":null}},"59":{"start":{"line":226,"column":6},"end":{"line":226,"column":null}},"60":{"start":{"line":227,"column":6},"end":{"line":227,"column":null}},"61":{"start":{"line":232,"column":2},"end":{"line":237,"column":null}},"62":{"start":{"line":233,"column":4},"end":{"line":236,"column":null}},"63":{"start":{"line":240,"column":20},"end":{"line":240,"column":null}},"64":{"start":{"line":241,"column":27},"end":{"line":241,"column":null}},"65":{"start":{"line":244,"column":21},"end":{"line":244,"column":null}},"66":{"start":{"line":246,"column":2},"end":{"line":249,"column":null}}},"fnMap":{"0":{"name":"(anonymous_0)","decl":{"start":{"line":69,"column":2},"end":{"line":69,"column":18}},"loc":{"start":{"line":69,"column":45},"end":{"line":97,"column":null}},"line":69},"1":{"name":"(anonymous_1)","decl":{"start":{"line":102,"column":2},"end":{"line":102,"column":17}},"loc":{"start":{"line":102,"column":55},"end":{"line":155,"column":null}},"line":102},"2":{"name":"(anonymous_2)","decl":{"start":{"line":160,"column":2},"end":{"line":160,"column":22}},"loc":{"start":{"line":160,"column":62},"end":{"line":180,"column":null}},"line":160},"3":{"name":"(anonymous_3)","decl":{"start":{"line":185,"column":2},"end":{"line":185,"column":19}},"loc":{"start":{"line":185,"column":53},"end":{"line":188,"column":null}},"line":185},"4":{"name":"createImportOrganizer","decl":{"start":{"line":194,"column":16},"end":{"line":194,"column":57}},"loc":{"start":{"line":194,"column":57},"end":{"line":196,"column":null}},"line":194},"5":{"name":"organizeFileImports","decl":{"start":{"line":204,"column":16},"end":{"line":204,"column":36}},"loc":{"start":{"line":207,"column":2},"end":{"line":250,"column":null}},"line":207}},"branchMap":{"0":{"loc":{"start":{"line":88,"column":27},"end":{"line":88,"column":null}},"type":"binary-expr","locations":[{"start":{"line":88,"column":27},"end":{"line":88,"column":48}},{"start":{"line":88,"column":48},"end":{"line":88,"column":null}}],"line":88},"1":{"loc":{"start":{"line":89,"column":6},"end":{"line":92,"column":null}},"type":"if","locations":[{"start":{"line":89,"column":6},"end":{"line":92,"column":null}},{"start":{},"end":{}}],"line":89},"2":{"loc":{"start":{"line":105,"column":4},"end":{"line":108,"column":null}},"type":"if","locations":[{"start":{"line":105,"column":4},"end":{"line":108,"column":null}},{"start":{},"end":{}}],"line":105},"3":{"loc":{"start":{"line":111,"column":4},"end":{"line":113,"column":null}},"type":"if","locations":[{"start":{"line":111,"column":4},"end":{"line":113,"column":null}},{"start":{},"end":{}}],"line":111},"4":{"loc":{"start":{"line":111,"column":8},"end":{"line":111,"column":67}},"type":"binary-expr","locations":[{"start":{"line":111,"column":8},"end":{"line":111,"column":35}},{"start":{"line":111,"column":35},"end":{"line":111,"column":67}}],"line":111},"5":{"loc":{"start":{"line":120,"column":4},"end":{"line":122,"column":null}},"type":"if","locations":[{"start":{"line":120,"column":4},"end":{"line":122,"column":null}},{"start":{},"end":{}}],"line":120},"6":{"loc":{"start":{"line":121,"column":13},"end":{"line":121,"column":null}},"type":"cond-expr","locations":[{"start":{"line":121,"column":26},"end":{"line":121,"column":36}},{"start":{"line":121,"column":36},"end":{"line":121,"column":null}}],"line":121},"7":{"loc":{"start":{"line":123,"column":4},"end":{"line":125,"column":null}},"type":"if","locations":[{"start":{"line":123,"column":4},"end":{"line":125,"column":null}},{"start":{},"end":{}}],"line":123},"8":{"loc":{"start":{"line":124,"column":13},"end":{"line":124,"column":null}},"type":"cond-expr","locations":[{"start":{"line":124,"column":26},"end":{"line":124,"column":36}},{"start":{"line":124,"column":36},"end":{"line":124,"column":null}}],"line":124},"9":{"loc":{"start":{"line":126,"column":4},"end":{"line":128,"column":null}},"type":"if","locations":[{"start":{"line":126,"column":4},"end":{"line":128,"column":null}},{"start":{},"end":{}}],"line":126},"10":{"loc":{"start":{"line":127,"column":13},"end":{"line":127,"column":null}},"type":"cond-expr","locations":[{"start":{"line":127,"column":26},"end":{"line":127,"column":36}},{"start":{"line":127,"column":36},"end":{"line":127,"column":null}}],"line":127},"11":{"loc":{"start":{"line":129,"column":4},"end":{"line":131,"column":null}},"type":"if","locations":[{"start":{"line":129,"column":4},"end":{"line":131,"column":null}},{"start":{},"end":{}}],"line":129},"12":{"loc":{"start":{"line":130,"column":13},"end":{"line":130,"column":null}},"type":"cond-expr","locations":[{"start":{"line":130,"column":26},"end":{"line":130,"column":36}},{"start":{"line":130,"column":36},"end":{"line":130,"column":null}}],"line":130},"13":{"loc":{"start":{"line":132,"column":4},"end":{"line":134,"column":null}},"type":"if","locations":[{"start":{"line":132,"column":4},"end":{"line":134,"column":null}},{"start":{},"end":{}}],"line":132},"14":{"loc":{"start":{"line":133,"column":13},"end":{"line":133,"column":null}},"type":"cond-expr","locations":[{"start":{"line":133,"column":26},"end":{"line":133,"column":36}},{"start":{"line":133,"column":36},"end":{"line":133,"column":null}}],"line":133},"15":{"loc":{"start":{"line":135,"column":4},"end":{"line":138,"column":null}},"type":"if","locations":[{"start":{"line":135,"column":4},"end":{"line":138,"column":null}},{"start":{},"end":{}}],"line":135},"16":{"loc":{"start":{"line":141,"column":4},"end":{"line":146,"column":null}},"type":"if","locations":[{"start":{"line":141,"column":4},"end":{"line":146,"column":null}},{"start":{},"end":{}}],"line":141},"17":{"loc":{"start":{"line":141,"column":8},"end":{"line":141,"column":61}},"type":"binary-expr","locations":[{"start":{"line":141,"column":8},"end":{"line":141,"column":35}},{"start":{"line":141,"column":35},"end":{"line":141,"column":61}}],"line":141},"18":{"loc":{"start":{"line":149,"column":4},"end":{"line":151,"column":null}},"type":"if","locations":[{"start":{"line":149,"column":4},"end":{"line":151,"column":null}},{"start":{},"end":{}}],"line":149},"19":{"loc":{"start":{"line":163,"column":4},"end":{"line":165,"column":null}},"type":"if","locations":[{"start":{"line":163,"column":4},"end":{"line":165,"column":null}},{"start":{},"end":{}}],"line":163},"20":{"loc":{"start":{"line":169,"column":4},"end":{"line":171,"column":null}},"type":"if","locations":[{"start":{"line":169,"column":4},"end":{"line":171,"column":null}},{"start":{},"end":{}}],"line":169},"21":{"loc":{"start":{"line":175,"column":4},"end":{"line":177,"column":null}},"type":"if","locations":[{"start":{"line":175,"column":4},"end":{"line":177,"column":null}},{"start":{},"end":{}}],"line":175},"22":{"loc":{"start":{"line":217,"column":4},"end":{"line":219,"column":null}},"type":"if","locations":[{"start":{"line":217,"column":4},"end":{"line":219,"column":null}},{"start":{},"end":{}}],"line":217},"23":{"loc":{"start":{"line":217,"column":8},"end":{"line":217,"column":95}},"type":"binary-expr","locations":[{"start":{"line":217,"column":8},"end":{"line":217,"column":23}},{"start":{"line":217,"column":23},"end":{"line":217,"column":48}},{"start":{"line":217,"column":48},"end":{"line":217,"column":73}},{"start":{"line":217,"column":73},"end":{"line":217,"column":95}}],"line":217},"24":{"loc":{"start":{"line":222,"column":4},"end":{"line":228,"column":null}},"type":"if","locations":[{"start":{"line":222,"column":4},"end":{"line":228,"column":null}},{"start":{"line":224,"column":4},"end":{"line":228,"column":null}}],"line":222},"25":{"loc":{"start":{"line":224,"column":4},"end":{"line":228,"column":null}},"type":"if","locations":[{"start":{"line":224,"column":4},"end":{"line":228,"column":null}},{"start":{},"end":{}}],"line":224},"26":{"loc":{"start":{"line":232,"column":2},"end":{"line":237,"column":null}},"type":"if","locations":[{"start":{"line":232,"column":2},"end":{"line":237,"column":null}},{"start":{},"end":{}}],"line":232}},"s":{"0":17,"1":10,"2":10,"3":80,"4":10,"5":29,"6":29,"7":10,"8":10,"9":80,"10":80,"11":27,"12":10,"13":52,"14":52,"15":0,"16":52,"17":6,"18":46,"19":46,"20":8,"21":38,"22":5,"23":33,"24":7,"25":26,"26":3,"27":23,"28":3,"29":20,"30":1,"31":19,"32":2,"33":17,"34":3,"35":14,"36":59,"37":59,"38":56,"39":3,"40":3,"41":1,"42":2,"43":2,"44":1,"45":1,"46":50,"47":4,"48":4,"49":4,"50":4,"51":4,"52":4,"53":17,"54":17,"55":5,"56":12,"57":6,"58":6,"59":3,"60":3,"61":4,"62":1,"63":3,"64":3,"65":3,"66":3},"f":{"0":10,"1":52,"2":59,"3":50,"4":4,"5":4},"b":{"0":[80,0],"1":[27,53],"2":[0,52],"3":[6,46],"4":[52,46],"5":[8,38],"6":[1,7],"7":[5,33],"8":[1,4],"9":[7,26],"10":[1,6],"11":[3,23],"12":[0,3],"13":[3,20],"14":[0,3],"15":[1,19],"16":[2,17],"17":[19,18],"18":[3,14],"19":[56,3],"20":[1,2],"21":[1,1],"22":[5,12],"23":[17,13,12,12],"24":[6,6],"25":[3,3],"26":[1,3]},"meta":{"lastBranch":27,"lastFunction":6,"lastStatement":67,"seen":{"s:55:47:64:Infinity":0,"f:69:2:69:18":0,"s:71:19:71:Infinity":1,"s:74:4:76:Infinity":2,"s:75:6:75:Infinity":3,"s:79:4:82:Infinity":4,"s:80:20:80:Infinity":5,"s:81:6:81:Infinity":6,"s:85:40:85:Infinity":7,"s:87:4:93:Infinity":8,"s:88:27:88:Infinity":9,"b:88:27:88:48:88:48:88:Infinity":0,"b:89:6:92:Infinity:undefined:undefined:undefined:undefined":1,"s:89:6:92:Infinity":10,"s:91:8:91:Infinity":11,"s:96:4:96:Infinity":12,"f:102:2:102:17":1,"s:103:19:103:Infinity":13,"b:105:4:108:Infinity:undefined:undefined:undefined:undefined":2,"s:105:4:108:Infinity":14,"s:107:6:107:Infinity":15,"b:111:4:113:Infinity:undefined:undefined:undefined:undefined":3,"s:111:4:113:Infinity":16,"b:111:8:111:35:111:35:111:67":4,"s:112:6:112:Infinity":17,"s:117:23:117:Infinity":18,"b:120:4:122:Infinity:undefined:undefined:undefined:undefined":5,"s:120:4:122:Infinity":19,"s:121:6:121:Infinity":20,"b:121:26:121:36:121:36:121:Infinity":6,"b:123:4:125:Infinity:undefined:undefined:undefined:undefined":7,"s:123:4:125:Infinity":21,"s:124:6:124:Infinity":22,"b:124:26:124:36:124:36:124:Infinity":8,"b:126:4:128:Infinity:undefined:undefined:undefined:undefined":9,"s:126:4:128:Infinity":23,"s:127:6:127:Infinity":24,"b:127:26:127:36:127:36:127:Infinity":10,"b:129:4:131:Infinity:undefined:undefined:undefined:undefined":11,"s:129:4:131:Infinity":25,"s:130:6:130:Infinity":26,"b:130:26:130:36:130:36:130:Infinity":12,"b:132:4:134:Infinity:undefined:undefined:undefined:undefined":13,"s:132:4:134:Infinity":27,"s:133:6:133:Infinity":28,"b:133:26:133:36:133:36:133:Infinity":14,"b:135:4:138:Infinity:undefined:undefined:undefined:undefined":15,"s:135:4:138:Infinity":29,"s:137:6:137:Infinity":30,"b:141:4:146:Infinity:undefined:undefined:undefined:undefined":16,"s:141:4:146:Infinity":31,"b:141:8:141:35:141:35:141:61":17,"s:145:6:145:Infinity":32,"b:149:4:151:Infinity:undefined:undefined:undefined:undefined":18,"s:149:4:151:Infinity":33,"s:150:6:150:Infinity":34,"s:154:4:154:Infinity":35,"f:160:2:160:22":2,"s:162:18:162:Infinity":36,"b:163:4:165:Infinity:undefined:undefined:undefined:undefined":19,"s:163:4:165:Infinity":37,"s:164:6:164:Infinity":38,"s:168:25:168:Infinity":39,"b:169:4:171:Infinity:undefined:undefined:undefined:undefined":20,"s:169:4:171:Infinity":40,"s:170:6:170:Infinity":41,"s:174:28:174:Infinity":42,"b:175:4:177:Infinity:undefined:undefined:undefined:undefined":21,"s:175:4:177:Infinity":43,"s:176:6:176:Infinity":44,"s:179:4:179:Infinity":45,"f:185:2:185:19":3,"s:187:4:187:Infinity":46,"f:194:16:194:57":4,"s:195:2:195:Infinity":47,"f:204:16:204:36":5,"s:208:16:208:Infinity":48,"s:209:28:209:Infinity":49,"s:210:27:210:Infinity":50,"s:213:2:229:Infinity":51,"s:213:15:213:18":52,"s:214:17:214:Infinity":53,"b:217:4:219:Infinity:undefined:undefined:undefined:undefined":22,"s:217:4:219:Infinity":54,"b:217:8:217:23:217:23:217:48:217:48:217:73:217:73:217:95":23,"s:218:6:218:Infinity":55,"b:222:4:228:Infinity:224:4:228:Infinity":24,"s:222:4:228:Infinity":56,"s:223:6:223:Infinity":57,"b:224:4:228:Infinity:undefined:undefined:undefined:undefined":25,"s:224:4:228:Infinity":58,"s:226:6:226:Infinity":59,"s:227:6:227:Infinity":60,"b:232:2:237:Infinity:undefined:undefined:undefined:undefined":26,"s:232:2:237:Infinity":61,"s:233:4:236:Infinity":62,"s:240:20:240:Infinity":63,"s:241:27:241:Infinity":64,"s:244:21:244:Infinity":65,"s:246:2:249:Infinity":66}}}
,"/home/unior_obo/Projects/virtualization/src/scripts/migration/path-transformer.ts": {"path":"/home/unior_obo/Projects/virtualization/src/scripts/migration/path-transformer.ts","statementMap":{"0":{"start":{"line":20,"column":47},"end":{"line":27,"column":null}},"1":{"start":{"line":32,"column":45},"end":{"line":39,"column":null}},"2":{"start":{"line":93,"column":4},"end":{"line":95,"column":null}},"3":{"start":{"line":94,"column":6},"end":{"line":94,"column":null}},"4":{"start":{"line":98,"column":25},"end":{"line":98,"column":null}},"5":{"start":{"line":101,"column":18},"end":{"line":101,"column":null}},"6":{"start":{"line":102,"column":4},"end":{"line":104,"column":null}},"7":{"start":{"line":103,"column":6},"end":{"line":103,"column":null}},"8":{"start":{"line":107,"column":22},"end":{"line":107,"column":null}},"9":{"start":{"line":110,"column":18},"end":{"line":110,"column":null}},"10":{"start":{"line":111,"column":26},"end":{"line":111,"column":null}},"11":{"start":{"line":114,"column":4},"end":{"line":114,"column":null}},"12":{"start":{"line":116,"column":4},"end":{"line":116,"column":null}},"13":{"start":{"line":124,"column":27},"end":{"line":124,"column":null}},"14":{"start":{"line":127,"column":21},"end":{"line":127,"column":null}},"15":{"start":{"line":130,"column":23},"end":{"line":130,"column":null}},"16":{"start":{"line":131,"column":4},"end":{"line":133,"column":null}},"17":{"start":{"line":132,"column":6},"end":{"line":132,"column":null}},"18":{"start":{"line":136,"column":23},"end":{"line":136,"column":null}},"19":{"start":{"line":139,"column":29},"end":{"line":139,"column":null}},"20":{"start":{"line":141,"column":4},"end":{"line":141,"column":null}},"21":{"start":{"line":149,"column":34},"end":{"line":149,"column":null}},"22":{"start":{"line":152,"column":23},"end":{"line":152,"column":null}},"23":{"start":{"line":155,"column":25},"end":{"line":155,"column":null}},"24":{"start":{"line":158,"column":4},"end":{"line":158,"column":null}},"25":{"start":{"line":166,"column":27},"end":{"line":166,"column":null}},"26":{"start":{"line":170,"column":4},"end":{"line":170,"column":null}},"27":{"start":{"line":170,"column":53},"end":{"line":170,"column":null}},"28":{"start":{"line":171,"column":4},"end":{"line":171,"column":null}},"29":{"start":{"line":171,"column":51},"end":{"line":171,"column":null}},"30":{"start":{"line":172,"column":4},"end":{"line":172,"column":null}},"31":{"start":{"line":172,"column":48},"end":{"line":172,"column":null}},"32":{"start":{"line":173,"column":4},"end":{"line":173,"column":null}},"33":{"start":{"line":173,"column":47},"end":{"line":173,"column":null}},"34":{"start":{"line":174,"column":4},"end":{"line":174,"column":null}},"35":{"start":{"line":174,"column":48},"end":{"line":174,"column":null}},"36":{"start":{"line":175,"column":4},"end":{"line":175,"column":null}},"37":{"start":{"line":175,"column":47},"end":{"line":175,"column":null}},"38":{"start":{"line":177,"column":4},"end":{"line":177,"column":null}},"39":{"start":{"line":185,"column":4},"end":{"line":187,"column":null}},"40":{"start":{"line":186,"column":6},"end":{"line":186,"column":null}},"41":{"start":{"line":189,"column":4},"end":{"line":189,"column":null}},"42":{"start":{"line":197,"column":2},"end":{"line":197,"column":null}},"43":{"start":{"line":213,"column":2},"end":{"line":216,"column":null}},"44":{"start":{"line":225,"column":2},"end":{"line":225,"column":null}}},"fnMap":{"0":{"name":"(anonymous_0)","decl":{"start":{"line":91,"column":2},"end":{"line":91,"column":19}},"loc":{"start":{"line":91,"column":79},"end":{"line":117,"column":null}},"line":91},"1":{"name":"(anonymous_1)","decl":{"start":{"line":122,"column":2},"end":{"line":122,"column":19}},"loc":{"start":{"line":122,"column":63},"end":{"line":142,"column":null}},"line":122},"2":{"name":"(anonymous_2)","decl":{"start":{"line":147,"column":2},"end":{"line":147,"column":20}},"loc":{"start":{"line":147,"column":73},"end":{"line":159,"column":null}},"line":147},"3":{"name":"(anonymous_3)","decl":{"start":{"line":164,"column":2},"end":{"line":164,"column":14}},"loc":{"start":{"line":164,"column":50},"end":{"line":178,"column":null}},"line":164},"4":{"name":"(anonymous_4)","decl":{"start":{"line":183,"column":2},"end":{"line":183,"column":20}},"loc":{"start":{"line":183,"column":48},"end":{"line":190,"column":null}},"line":183},"5":{"name":"createPathTransformer","decl":{"start":{"line":196,"column":16},"end":{"line":196,"column":57}},"loc":{"start":{"line":196,"column":57},"end":{"line":198,"column":null}},"line":196},"6":{"name":"replaceImportPath","decl":{"start":{"line":207,"column":16},"end":{"line":207,"column":null}},"loc":{"start":{"line":211,"column":10},"end":{"line":217,"column":null}},"line":211},"7":{"name":"escapeRegExp","decl":{"start":{"line":224,"column":9},"end":{"line":224,"column":22}},"loc":{"start":{"line":224,"column":43},"end":{"line":226,"column":null}},"line":224}},"branchMap":{"0":{"loc":{"start":{"line":93,"column":4},"end":{"line":95,"column":null}},"type":"if","locations":[{"start":{"line":93,"column":4},"end":{"line":95,"column":null}},{"start":{},"end":{}}],"line":93},"1":{"loc":{"start":{"line":93,"column":8},"end":{"line":93,"column":71}},"type":"binary-expr","locations":[{"start":{"line":93,"column":8},"end":{"line":93,"column":40}},{"start":{"line":93,"column":40},"end":{"line":93,"column":71}}],"line":93},"2":{"loc":{"start":{"line":102,"column":4},"end":{"line":104,"column":null}},"type":"if","locations":[{"start":{"line":102,"column":4},"end":{"line":104,"column":null}},{"start":{},"end":{}}],"line":102},"3":{"loc":{"start":{"line":111,"column":26},"end":{"line":111,"column":null}},"type":"cond-expr","locations":[{"start":{"line":111,"column":38},"end":{"line":111,"column":64}},{"start":{"line":111,"column":64},"end":{"line":111,"column":null}}],"line":111},"4":{"loc":{"start":{"line":131,"column":4},"end":{"line":133,"column":null}},"type":"if","locations":[{"start":{"line":131,"column":4},"end":{"line":133,"column":null}},{"start":{},"end":{}}],"line":131},"5":{"loc":{"start":{"line":170,"column":4},"end":{"line":170,"column":null}},"type":"if","locations":[{"start":{"line":170,"column":4},"end":{"line":170,"column":null}},{"start":{},"end":{}}],"line":170},"6":{"loc":{"start":{"line":171,"column":4},"end":{"line":171,"column":null}},"type":"if","locations":[{"start":{"line":171,"column":4},"end":{"line":171,"column":null}},{"start":{},"end":{}}],"line":171},"7":{"loc":{"start":{"line":172,"column":4},"end":{"line":172,"column":null}},"type":"if","locations":[{"start":{"line":172,"column":4},"end":{"line":172,"column":null}},{"start":{},"end":{}}],"line":172},"8":{"loc":{"start":{"line":173,"column":4},"end":{"line":173,"column":null}},"type":"if","locations":[{"start":{"line":173,"column":4},"end":{"line":173,"column":null}},{"start":{},"end":{}}],"line":173},"9":{"loc":{"start":{"line":174,"column":4},"end":{"line":174,"column":null}},"type":"if","locations":[{"start":{"line":174,"column":4},"end":{"line":174,"column":null}},{"start":{},"end":{}}],"line":174},"10":{"loc":{"start":{"line":175,"column":4},"end":{"line":175,"column":null}},"type":"if","locations":[{"start":{"line":175,"column":4},"end":{"line":175,"column":null}},{"start":{},"end":{}}],"line":175},"11":{"loc":{"start":{"line":185,"column":4},"end":{"line":187,"column":null}},"type":"if","locations":[{"start":{"line":185,"column":4},"end":{"line":187,"column":null}},{"start":{},"end":{}}],"line":185}},"s":{"0":1,"1":1,"2":20,"3":4,"4":16,"5":16,"6":16,"7":1,"8":15,"9":15,"10":15,"11":20,"12":20,"13":28,"14":28,"15":28,"16":28,"17":1,"18":27,"19":27,"20":27,"21":21,"22":21,"23":21,"24":21,"25":27,"26":27,"27":3,"28":24,"29":2,"30":22,"31":3,"32":19,"33":2,"34":17,"35":2,"36":15,"37":11,"38":4,"39":25,"40":6,"41":19,"42":2,"43":8,"44":8},"f":{"0":20,"1":28,"2":21,"3":27,"4":25,"5":2,"6":8,"7":8},"b":{"0":[4,16],"1":[20,19],"2":[1,15],"3":[15,0],"4":[1,27],"5":[3,24],"6":[2,22],"7":[3,19],"8":[2,17],"9":[2,15],"10":[11,4],"11":[6,19]},"meta":{"lastBranch":12,"lastFunction":8,"lastStatement":45,"seen":{"s:20:47:27:Infinity":0,"s:32:45:39:Infinity":1,"f:91:2:91:19":0,"b:93:4:95:Infinity:undefined:undefined:undefined:undefined":0,"s:93:4:95:Infinity":2,"b:93:8:93:40:93:40:93:71":1,"s:94:6:94:Infinity":3,"s:98:25:98:Infinity":4,"s:101:18:101:Infinity":5,"b:102:4:104:Infinity:undefined:undefined:undefined:undefined":2,"s:102:4:104:Infinity":6,"s:103:6:103:Infinity":7,"s:107:22:107:Infinity":8,"s:110:18:110:Infinity":9,"s:111:26:111:Infinity":10,"b:111:38:111:64:111:64:111:Infinity":3,"s:114:4:114:Infinity":11,"s:116:4:116:Infinity":12,"f:122:2:122:19":1,"s:124:27:124:Infinity":13,"s:127:21:127:Infinity":14,"s:130:23:130:Infinity":15,"b:131:4:133:Infinity:undefined:undefined:undefined:undefined":4,"s:131:4:133:Infinity":16,"s:132:6:132:Infinity":17,"s:136:23:136:Infinity":18,"s:139:29:139:Infinity":19,"s:141:4:141:Infinity":20,"f:147:2:147:20":2,"s:149:34:149:Infinity":21,"s:152:23:152:Infinity":22,"s:155:25:155:Infinity":23,"s:158:4:158:Infinity":24,"f:164:2:164:14":3,"s:166:27:166:Infinity":25,"b:170:4:170:Infinity:undefined:undefined:undefined:undefined":5,"s:170:4:170:Infinity":26,"s:170:53:170:Infinity":27,"b:171:4:171:Infinity:undefined:undefined:undefined:undefined":6,"s:171:4:171:Infinity":28,"s:171:51:171:Infinity":29,"b:172:4:172:Infinity:undefined:undefined:undefined:undefined":7,"s:172:4:172:Infinity":30,"s:172:48:172:Infinity":31,"b:173:4:173:Infinity:undefined:undefined:undefined:undefined":8,"s:173:4:173:Infinity":32,"s:173:47:173:Infinity":33,"b:174:4:174:Infinity:undefined:undefined:undefined:undefined":9,"s:174:4:174:Infinity":34,"s:174:48:174:Infinity":35,"b:175:4:175:Infinity:undefined:undefined:undefined:undefined":10,"s:175:4:175:Infinity":36,"s:175:47:175:Infinity":37,"s:177:4:177:Infinity":38,"f:183:2:183:20":4,"b:185:4:187:Infinity:undefined:undefined:undefined:undefined":11,"s:185:4:187:Infinity":39,"s:186:6:186:Infinity":40,"s:189:4:189:Infinity":41,"f:196:16:196:57":5,"s:197:2:197:Infinity":42,"f:207:16:207:Infinity":6,"s:213:2:216:Infinity":43,"f:224:9:224:22":7,"s:225:2:225:Infinity":44}}}
}
