{"/home/unior_obo/Projects/virtualization/src/adapters/performance-api/PerformanceMonitor.ts": {"path":"/home/unior_obo/Projects/virtualization/src/adapters/performance-api/PerformanceMonitor.ts","statementMap":{"0":{"start":{"line":14,"column":44},"end":{"line":19,"column":null}},"1":{"start":{"line":25,"column":40},"end":{"line":25,"column":null}},"2":{"start":{"line":26,"column":69},"end":{"line":26,"column":null}},"3":{"start":{"line":27,"column":33},"end":{"line":27,"column":null}},"4":{"start":{"line":28,"column":49},"end":{"line":28,"column":null}},"5":{"start":{"line":29,"column":38},"end":{"line":29,"column":null}},"6":{"start":{"line":30,"column":34},"end":{"line":30,"column":null}},"7":{"start":{"line":31,"column":49},"end":{"line":31,"column":null}},"8":{"start":{"line":32,"column":34},"end":{"line":32,"column":null}},"9":{"start":{"line":43,"column":4},"end":{"line":46,"column":null}},"10":{"start":{"line":44,"column":6},"end":{"line":44,"column":null}},"11":{"start":{"line":45,"column":6},"end":{"line":45,"column":null}},"12":{"start":{"line":48,"column":4},"end":{"line":48,"column":null}},"13":{"start":{"line":49,"column":4},"end":{"line":49,"column":null}},"14":{"start":{"line":50,"column":4},"end":{"line":50,"column":null}},"15":{"start":{"line":51,"column":4},"end":{"line":51,"column":null}},"16":{"start":{"line":52,"column":4},"end":{"line":52,"column":null}},"17":{"start":{"line":55,"column":4},"end":{"line":55,"column":null}},"18":{"start":{"line":58,"column":4},"end":{"line":58,"column":null}},"19":{"start":{"line":65,"column":4},"end":{"line":67,"column":null}},"20":{"start":{"line":66,"column":6},"end":{"line":66,"column":null}},"21":{"start":{"line":69,"column":4},"end":{"line":69,"column":null}},"22":{"start":{"line":72,"column":4},"end":{"line":75,"column":null}},"23":{"start":{"line":73,"column":6},"end":{"line":73,"column":null}},"24":{"start":{"line":74,"column":6},"end":{"line":74,"column":null}},"25":{"start":{"line":78,"column":4},"end":{"line":81,"column":null}},"26":{"start":{"line":79,"column":6},"end":{"line":79,"column":null}},"27":{"start":{"line":80,"column":6},"end":{"line":80,"column":null}},"28":{"start":{"line":84,"column":4},"end":{"line":84,"column":null}},"29":{"start":{"line":85,"column":4},"end":{"line":85,"column":null}},"30":{"start":{"line":86,"column":4},"end":{"line":86,"column":null}},"31":{"start":{"line":93,"column":4},"end":{"line":93,"column":null}},"32":{"start":{"line":100,"column":4},"end":{"line":125,"column":null}},"33":{"start":{"line":102,"column":6},"end":{"line":105,"column":null}},"34":{"start":{"line":103,"column":8},"end":{"line":103,"column":null}},"35":{"start":{"line":104,"column":8},"end":{"line":104,"column":null}},"36":{"start":{"line":107,"column":6},"end":{"line":116,"column":null}},"37":{"start":{"line":108,"column":24},"end":{"line":108,"column":null}},"38":{"start":{"line":110,"column":8},"end":{"line":115,"column":null}},"39":{"start":{"line":112,"column":10},"end":{"line":114,"column":null}},"40":{"start":{"line":113,"column":12},"end":{"line":113,"column":null}},"41":{"start":{"line":119,"column":6},"end":{"line":122,"column":null}},"42":{"start":{"line":124,"column":6},"end":{"line":124,"column":null}},"43":{"start":{"line":132,"column":23},"end":{"line":159,"column":null}},"44":{"start":{"line":133,"column":6},"end":{"line":135,"column":null}},"45":{"start":{"line":134,"column":8},"end":{"line":134,"column":null}},"46":{"start":{"line":138,"column":6},"end":{"line":138,"column":null}},"47":{"start":{"line":141,"column":27},"end":{"line":141,"column":null}},"48":{"start":{"line":142,"column":6},"end":{"line":142,"column":null}},"49":{"start":{"line":142,"column":62},"end":{"line":142,"column":78}},"50":{"start":{"line":145,"column":18},"end":{"line":145,"column":null}},"51":{"start":{"line":148,"column":6},"end":{"line":148,"column":null}},"52":{"start":{"line":149,"column":6},"end":{"line":149,"column":null}},"53":{"start":{"line":150,"column":6},"end":{"line":150,"column":null}},"54":{"start":{"line":153,"column":6},"end":{"line":155,"column":null}},"55":{"start":{"line":154,"column":8},"end":{"line":154,"column":null}},"56":{"start":{"line":158,"column":6},"end":{"line":158,"column":null}},"57":{"start":{"line":162,"column":4},"end":{"line":162,"column":null}},"58":{"start":{"line":170,"column":4},"end":{"line":182,"column":null}},"59":{"start":{"line":172,"column":26},"end":{"line":172,"column":null}},"60":{"start":{"line":174,"column":6},"end":{"line":179,"column":null}},"61":{"start":{"line":176,"column":22},"end":{"line":176,"column":null}},"62":{"start":{"line":177,"column":26},"end":{"line":177,"column":null}},"63":{"start":{"line":178,"column":8},"end":{"line":178,"column":null}},"64":{"start":{"line":184,"column":4},"end":{"line":184,"column":null}},"65":{"start":{"line":192,"column":4},"end":{"line":194,"column":null}},"66":{"start":{"line":193,"column":6},"end":{"line":193,"column":null}},"67":{"start":{"line":196,"column":4},"end":{"line":203,"column":null}},"68":{"start":{"line":198,"column":26},"end":{"line":198,"column":null}},"69":{"start":{"line":199,"column":6},"end":{"line":199,"column":null}},"70":{"start":{"line":201,"column":6},"end":{"line":201,"column":null}},"71":{"start":{"line":202,"column":6},"end":{"line":202,"column":null}},"72":{"start":{"line":211,"column":4},"end":{"line":215,"column":null}},"73":{"start":{"line":212,"column":6},"end":{"line":212,"column":null}},"74":{"start":{"line":223,"column":4},"end":{"line":240,"column":null}},"75":{"start":{"line":224,"column":6},"end":{"line":224,"column":null}},"76":{"start":{"line":225,"column":6},"end":{"line":225,"column":null}},"77":{"start":{"line":228,"column":23},"end":{"line":228,"column":null}},"78":{"start":{"line":229,"column":6},"end":{"line":232,"column":null}},"79":{"start":{"line":230,"column":28},"end":{"line":230,"column":null}},"80":{"start":{"line":231,"column":8},"end":{"line":231,"column":null}},"81":{"start":{"line":235,"column":6},"end":{"line":235,"column":null}},"82":{"start":{"line":236,"column":6},"end":{"line":236,"column":null}},"83":{"start":{"line":237,"column":6},"end":{"line":237,"column":null}}},"fnMap":{"0":{"name":"(anonymous_0)","decl":{"start":{"line":39,"column":2},"end":{"line":39,"column":null}},"loc":{"start":{"line":42,"column":10},"end":{"line":59,"column":null}},"line":42},"1":{"name":"(anonymous_1)","decl":{"start":{"line":64,"column":2},"end":{"line":64,"column":25}},"loc":{"start":{"line":64,"column":25},"end":{"line":87,"column":null}},"line":64},"2":{"name":"(anonymous_2)","decl":{"start":{"line":92,"column":2},"end":{"line":92,"column":35}},"loc":{"start":{"line":92,"column":35},"end":{"line":94,"column":null}},"line":92},"3":{"name":"(anonymous_3)","decl":{"start":{"line":99,"column":10},"end":{"line":99,"column":48}},"loc":{"start":{"line":99,"column":48},"end":{"line":126,"column":null}},"line":99},"4":{"name":"(anonymous_4)","decl":{"start":{"line":107,"column":46},"end":{"line":107,"column":47}},"loc":{"start":{"line":107,"column":56},"end":{"line":116,"column":7}},"line":107},"5":{"name":"(anonymous_5)","decl":{"start":{"line":131,"column":10},"end":{"line":131,"column":35}},"loc":{"start":{"line":131,"column":35},"end":{"line":163,"column":null}},"line":131},"6":{"name":"(anonymous_6)","decl":{"start":{"line":132,"column":23},"end":{"line":132,"column":24}},"loc":{"start":{"line":132,"column":46},"end":{"line":159,"column":null}},"line":132},"7":{"name":"(anonymous_7)","decl":{"start":{"line":142,"column":57},"end":{"line":142,"column":62}},"loc":{"start":{"line":142,"column":62},"end":{"line":142,"column":78}},"line":142},"8":{"name":"(anonymous_8)","decl":{"start":{"line":169,"column":10},"end":{"line":169,"column":35}},"loc":{"start":{"line":169,"column":35},"end":{"line":185,"column":null}},"line":169},"9":{"name":"(anonymous_9)","decl":{"start":{"line":191,"column":10},"end":{"line":191,"column":36}},"loc":{"start":{"line":191,"column":36},"end":{"line":204,"column":null}},"line":191},"10":{"name":"(anonymous_10)","decl":{"start":{"line":210,"column":2},"end":{"line":210,"column":18}},"loc":{"start":{"line":210,"column":50},"end":{"line":216,"column":null}},"line":210},"11":{"name":"(anonymous_11)","decl":{"start":{"line":222,"column":2},"end":{"line":222,"column":16}},"loc":{"start":{"line":222,"column":48},"end":{"line":241,"column":null}},"line":222}},"branchMap":{"0":{"loc":{"start":{"line":43,"column":4},"end":{"line":46,"column":null}},"type":"if","locations":[{"start":{"line":43,"column":4},"end":{"line":46,"column":null}},{"start":{},"end":{}}],"line":43},"1":{"loc":{"start":{"line":49,"column":28},"end":{"line":49,"column":null}},"type":"binary-expr","locations":[{"start":{"line":49,"column":28},"end":{"line":49,"column":48}},{"start":{"line":49,"column":48},"end":{"line":49,"column":null}}],"line":49},"2":{"loc":{"start":{"line":65,"column":4},"end":{"line":67,"column":null}},"type":"if","locations":[{"start":{"line":65,"column":4},"end":{"line":67,"column":null}},{"start":{},"end":{}}],"line":65},"3":{"loc":{"start":{"line":72,"column":4},"end":{"line":75,"column":null}},"type":"if","locations":[{"start":{"line":72,"column":4},"end":{"line":75,"column":null}},{"start":{},"end":{}}],"line":72},"4":{"loc":{"start":{"line":78,"column":4},"end":{"line":81,"column":null}},"type":"if","locations":[{"start":{"line":78,"column":4},"end":{"line":81,"column":null}},{"start":{},"end":{}}],"line":78},"5":{"loc":{"start":{"line":102,"column":6},"end":{"line":105,"column":null}},"type":"if","locations":[{"start":{"line":102,"column":6},"end":{"line":105,"column":null}},{"start":{},"end":{}}],"line":102},"6":{"loc":{"start":{"line":112,"column":10},"end":{"line":114,"column":null}},"type":"if","locations":[{"start":{"line":112,"column":10},"end":{"line":114,"column":null}},{"start":{},"end":{}}],"line":112},"7":{"loc":{"start":{"line":112,"column":14},"end":{"line":112,"column":78}},"type":"binary-expr","locations":[{"start":{"line":112,"column":14},"end":{"line":112,"column":47}},{"start":{"line":112,"column":47},"end":{"line":112,"column":78}}],"line":112},"8":{"loc":{"start":{"line":133,"column":6},"end":{"line":135,"column":null}},"type":"if","locations":[{"start":{"line":133,"column":6},"end":{"line":135,"column":null}},{"start":{},"end":{}}],"line":133},"9":{"loc":{"start":{"line":153,"column":6},"end":{"line":155,"column":null}},"type":"if","locations":[{"start":{"line":153,"column":6},"end":{"line":155,"column":null}},{"start":{},"end":{}}],"line":153},"10":{"loc":{"start":{"line":174,"column":6},"end":{"line":179,"column":null}},"type":"if","locations":[{"start":{"line":174,"column":6},"end":{"line":179,"column":null}},{"start":{},"end":{}}],"line":174},"11":{"loc":{"start":{"line":174,"column":10},"end":{"line":174,"column":71}},"type":"binary-expr","locations":[{"start":{"line":174,"column":10},"end":{"line":174,"column":24}},{"start":{"line":174,"column":24},"end":{"line":174,"column":71}}],"line":174},"12":{"loc":{"start":{"line":192,"column":4},"end":{"line":194,"column":null}},"type":"if","locations":[{"start":{"line":192,"column":4},"end":{"line":194,"column":null}},{"start":{},"end":{}}],"line":192},"13":{"loc":{"start":{"line":210,"column":18},"end":{"line":210,"column":50}},"type":"default-arg","locations":[{"start":{"line":210,"column":34},"end":{"line":210,"column":50}}],"line":210},"14":{"loc":{"start":{"line":222,"column":16},"end":{"line":222,"column":48}},"type":"default-arg","locations":[{"start":{"line":222,"column":32},"end":{"line":222,"column":48}}],"line":222},"15":{"loc":{"start":{"line":229,"column":6},"end":{"line":232,"column":null}},"type":"if","locations":[{"start":{"line":229,"column":6},"end":{"line":232,"column":null}},{"start":{},"end":{}}],"line":229}},"s":{"0":2,"1":31,"2":31,"3":31,"4":31,"5":31,"6":31,"7":31,"8":31,"9":25,"10":1,"11":1,"12":24,"13":24,"14":25,"15":25,"16":25,"17":25,"18":25,"19":40,"20":16,"21":24,"22":24,"23":24,"24":24,"25":24,"26":24,"27":24,"28":24,"29":24,"30":24,"31":12,"32":24,"33":24,"34":0,"35":0,"36":24,"37":3,"38":3,"39":3,"40":3,"41":24,"42":0,"43":24,"44":87,"45":0,"46":87,"47":87,"48":87,"49":352,"50":87,"51":87,"52":87,"53":87,"54":87,"55":87,"56":87,"57":24,"58":87,"59":87,"60":87,"61":0,"62":0,"63":0,"64":87,"65":87,"66":34,"67":53,"68":53,"69":53,"70":0,"71":0,"72":7,"73":7,"74":7,"75":7,"76":7,"77":7,"78":7,"79":7,"80":7,"81":7,"82":7,"83":7},"f":{"0":25,"1":40,"2":12,"3":24,"4":3,"5":24,"6":87,"7":352,"8":87,"9":87,"10":7,"11":7},"b":{"0":[1,24],"1":[24,15],"2":[16,24],"3":[24,0],"4":[24,0],"5":[0,24],"6":[3,0],"7":[3,3],"8":[0,87],"9":[87,0],"10":[0,87],"11":[87,0],"12":[34,53],"13":[7],"14":[7],"15":[7,0]},"meta":{"lastBranch":16,"lastFunction":12,"lastStatement":84,"seen":{"s:14:44:19:Infinity":0,"s:25:40:25:Infinity":1,"s:26:69:26:Infinity":2,"s:27:33:27:Infinity":3,"s:28:49:28:Infinity":4,"s:29:38:29:Infinity":5,"s:30:34:30:Infinity":6,"s:31:49:31:Infinity":7,"s:32:34:32:Infinity":8,"f:39:2:39:Infinity":0,"b:43:4:46:Infinity:undefined:undefined:undefined:undefined":0,"s:43:4:46:Infinity":9,"s:44:6:44:Infinity":10,"s:45:6:45:Infinity":11,"s:48:4:48:Infinity":12,"s:49:4:49:Infinity":13,"b:49:28:49:48:49:48:49:Infinity":1,"s:50:4:50:Infinity":14,"s:51:4:51:Infinity":15,"s:52:4:52:Infinity":16,"s:55:4:55:Infinity":17,"s:58:4:58:Infinity":18,"f:64:2:64:25":1,"b:65:4:67:Infinity:undefined:undefined:undefined:undefined":2,"s:65:4:67:Infinity":19,"s:66:6:66:Infinity":20,"s:69:4:69:Infinity":21,"b:72:4:75:Infinity:undefined:undefined:undefined:undefined":3,"s:72:4:75:Infinity":22,"s:73:6:73:Infinity":23,"s:74:6:74:Infinity":24,"b:78:4:81:Infinity:undefined:undefined:undefined:undefined":4,"s:78:4:81:Infinity":25,"s:79:6:79:Infinity":26,"s:80:6:80:Infinity":27,"s:84:4:84:Infinity":28,"s:85:4:85:Infinity":29,"s:86:4:86:Infinity":30,"f:92:2:92:35":2,"s:93:4:93:Infinity":31,"f:99:10:99:48":3,"s:100:4:125:Infinity":32,"b:102:6:105:Infinity:undefined:undefined:undefined:undefined":5,"s:102:6:105:Infinity":33,"s:103:8:103:Infinity":34,"s:104:8:104:Infinity":35,"s:107:6:116:Infinity":36,"f:107:46:107:47":4,"s:108:24:108:Infinity":37,"s:110:8:115:Infinity":38,"b:112:10:114:Infinity:undefined:undefined:undefined:undefined":6,"s:112:10:114:Infinity":39,"b:112:14:112:47:112:47:112:78":7,"s:113:12:113:Infinity":40,"s:119:6:122:Infinity":41,"s:124:6:124:Infinity":42,"f:131:10:131:35":5,"s:132:23:159:Infinity":43,"f:132:23:132:24":6,"b:133:6:135:Infinity:undefined:undefined:undefined:undefined":8,"s:133:6:135:Infinity":44,"s:134:8:134:Infinity":45,"s:138:6:138:Infinity":46,"s:141:27:141:Infinity":47,"s:142:6:142:Infinity":48,"f:142:57:142:62":7,"s:142:62:142:78":49,"s:145:18:145:Infinity":50,"s:148:6:148:Infinity":51,"s:149:6:149:Infinity":52,"s:150:6:150:Infinity":53,"b:153:6:155:Infinity:undefined:undefined:undefined:undefined":9,"s:153:6:155:Infinity":54,"s:154:8:154:Infinity":55,"s:158:6:158:Infinity":56,"s:162:4:162:Infinity":57,"f:169:10:169:35":8,"s:170:4:182:Infinity":58,"s:172:26:172:Infinity":59,"b:174:6:179:Infinity:undefined:undefined:undefined:undefined":10,"s:174:6:179:Infinity":60,"b:174:10:174:24:174:24:174:71":11,"s:176:22:176:Infinity":61,"s:177:26:177:Infinity":62,"s:178:8:178:Infinity":63,"s:184:4:184:Infinity":64,"f:191:10:191:36":9,"b:192:4:194:Infinity:undefined:undefined:undefined:undefined":12,"s:192:4:194:Infinity":65,"s:193:6:193:Infinity":66,"s:196:4:203:Infinity":67,"s:198:26:198:Infinity":68,"s:199:6:199:Infinity":69,"s:201:6:201:Infinity":70,"s:202:6:202:Infinity":71,"f:210:2:210:18":10,"b:210:34:210:50":13,"s:211:4:215:Infinity":72,"s:212:6:212:Infinity":73,"f:222:2:222:16":11,"b:222:32:222:48":14,"s:223:4:240:Infinity":74,"s:224:6:224:Infinity":75,"s:225:6:225:Infinity":76,"s:228:23:228:Infinity":77,"b:229:6:232:Infinity:undefined:undefined:undefined:undefined":15,"s:229:6:232:Infinity":78,"s:230:28:230:Infinity":79,"s:231:8:231:Infinity":80,"s:235:6:235:Infinity":81,"s:236:6:236:Infinity":82,"s:237:6:237:Infinity":83}}}
,"/home/unior_obo/Projects/virtualization/src/core/virtualization/calculator.ts": {"path":"/home/unior_obo/Projects/virtualization/src/core/virtualization/calculator.ts","statementMap":{"0":{"start":{"line":19,"column":17},"end":{"line":24,"column":null}},"1":{"start":{"line":69,"column":26},"end":{"line":69,"column":null}},"2":{"start":{"line":70,"column":32},"end":{"line":74,"column":null}},"3":{"start":{"line":75,"column":26},"end":{"line":79,"column":null}},"4":{"start":{"line":80,"column":27},"end":{"line":84,"column":null}},"5":{"start":{"line":85,"column":25},"end":{"line":89,"column":null}},"6":{"start":{"line":92,"column":4},"end":{"line":94,"column":null}},"7":{"start":{"line":93,"column":6},"end":{"line":93,"column":null}},"8":{"start":{"line":97,"column":32},"end":{"line":100,"column":null}},"9":{"start":{"line":103,"column":30},"end":{"line":103,"column":null}},"10":{"start":{"line":106,"column":29},"end":{"line":108,"column":null}},"11":{"start":{"line":111,"column":30},"end":{"line":111,"column":null}},"12":{"start":{"line":112,"column":28},"end":{"line":112,"column":null}},"13":{"start":{"line":115,"column":18},"end":{"line":115,"column":null}},"14":{"start":{"line":116,"column":16},"end":{"line":116,"column":null}},"15":{"start":{"line":118,"column":4},"end":{"line":118,"column":null}},"16":{"start":{"line":145,"column":22},"end":{"line":145,"column":null}},"17":{"start":{"line":146,"column":27},"end":{"line":150,"column":null}},"18":{"start":{"line":153,"column":32},"end":{"line":156,"column":null}},"19":{"start":{"line":159,"column":16},"end":{"line":159,"column":null}},"20":{"start":{"line":161,"column":4},"end":{"line":164,"column":null}},"21":{"start":{"line":191,"column":26},"end":{"line":195,"column":null}},"22":{"start":{"line":196,"column":27},"end":{"line":200,"column":null}},"23":{"start":{"line":203,"column":32},"end":{"line":206,"column":null}},"24":{"start":{"line":209,"column":4},"end":{"line":209,"column":null}},"25":{"start":{"line":230,"column":4},"end":{"line":232,"column":null}},"26":{"start":{"line":231,"column":6},"end":{"line":231,"column":null}},"27":{"start":{"line":235,"column":4},"end":{"line":237,"column":null}},"28":{"start":{"line":236,"column":6},"end":{"line":236,"column":null}},"29":{"start":{"line":240,"column":4},"end":{"line":242,"column":null}},"30":{"start":{"line":241,"column":6},"end":{"line":241,"column":null}},"31":{"start":{"line":244,"column":4},"end":{"line":244,"column":null}}},"fnMap":{"0":{"name":"(anonymous_0)","decl":{"start":{"line":61,"column":2},"end":{"line":61,"column":null}},"loc":{"start":{"line":67,"column":18},"end":{"line":119,"column":null}},"line":67},"1":{"name":"(anonymous_1)","decl":{"start":{"line":143,"column":2},"end":{"line":143,"column":24}},"loc":{"start":{"line":143,"column":73},"end":{"line":165,"column":null}},"line":143},"2":{"name":"(anonymous_2)","decl":{"start":{"line":189,"column":2},"end":{"line":189,"column":23}},"loc":{"start":{"line":189,"column":70},"end":{"line":210,"column":null}},"line":189},"3":{"name":"(anonymous_3)","decl":{"start":{"line":224,"column":10},"end":{"line":224,"column":null}},"loc":{"start":{"line":228,"column":12},"end":{"line":245,"column":null}},"line":228}},"branchMap":{"0":{"loc":{"start":{"line":92,"column":4},"end":{"line":94,"column":null}},"type":"if","locations":[{"start":{"line":92,"column":4},"end":{"line":94,"column":null}},{"start":{},"end":{}}],"line":92},"1":{"loc":{"start":{"line":230,"column":4},"end":{"line":232,"column":null}},"type":"if","locations":[{"start":{"line":230,"column":4},"end":{"line":232,"column":null}},{"start":{},"end":{}}],"line":230},"2":{"loc":{"start":{"line":235,"column":4},"end":{"line":237,"column":null}},"type":"if","locations":[{"start":{"line":235,"column":4},"end":{"line":237,"column":null}},{"start":{},"end":{}}],"line":235},"3":{"loc":{"start":{"line":235,"column":8},"end":{"line":235,"column":40}},"type":"binary-expr","locations":[{"start":{"line":235,"column":8},"end":{"line":235,"column":21}},{"start":{"line":235,"column":21},"end":{"line":235,"column":40}}],"line":235},"4":{"loc":{"start":{"line":240,"column":4},"end":{"line":242,"column":null}},"type":"if","locations":[{"start":{"line":240,"column":4},"end":{"line":242,"column":null}},{"start":{},"end":{}}],"line":240},"5":{"loc":{"start":{"line":240,"column":8},"end":{"line":240,"column":42}},"type":"binary-expr","locations":[{"start":{"line":240,"column":8},"end":{"line":240,"column":29}},{"start":{"line":240,"column":29},"end":{"line":240,"column":42}}],"line":240}},"s":{"0":1,"1":20,"2":20,"3":20,"4":20,"5":20,"6":20,"7":4,"8":16,"9":16,"10":16,"11":16,"12":16,"13":16,"14":16,"15":16,"16":15,"17":15,"18":15,"19":15,"20":15,"21":14,"22":14,"23":14,"24":14,"25":158,"26":23,"27":135,"28":14,"29":121,"30":0,"31":121},"f":{"0":20,"1":15,"2":14,"3":158},"b":{"0":[4,16],"1":[23,135],"2":[14,121],"3":[135,14],"4":[0,121],"5":[121,97]},"meta":{"lastBranch":6,"lastFunction":4,"lastStatement":32,"seen":{"s:19:17:24:Infinity":0,"f:61:2:61:Infinity":0,"s:69:26:69:Infinity":1,"s:70:32:74:Infinity":2,"s:75:26:79:Infinity":3,"s:80:27:84:Infinity":4,"s:85:25:89:Infinity":5,"b:92:4:94:Infinity:undefined:undefined:undefined:undefined":0,"s:92:4:94:Infinity":6,"s:93:6:93:Infinity":7,"s:97:32:100:Infinity":8,"s:103:30:103:Infinity":9,"s:106:29:108:Infinity":10,"s:111:30:111:Infinity":11,"s:112:28:112:Infinity":12,"s:115:18:115:Infinity":13,"s:116:16:116:Infinity":14,"s:118:4:118:Infinity":15,"f:143:2:143:24":1,"s:145:22:145:Infinity":16,"s:146:27:150:Infinity":17,"s:153:32:156:Infinity":18,"s:159:16:159:Infinity":19,"s:161:4:164:Infinity":20,"f:189:2:189:23":2,"s:191:26:195:Infinity":21,"s:196:27:200:Infinity":22,"s:203:32:206:Infinity":23,"s:209:4:209:Infinity":24,"f:224:10:224:Infinity":3,"b:230:4:232:Infinity:undefined:undefined:undefined:undefined":1,"s:230:4:232:Infinity":25,"s:231:6:231:Infinity":26,"b:235:4:237:Infinity:undefined:undefined:undefined:undefined":2,"s:235:4:237:Infinity":27,"b:235:8:235:21:235:21:235:40":3,"s:236:6:236:Infinity":28,"b:240:4:242:Infinity:undefined:undefined:undefined:undefined":4,"s:240:4:242:Infinity":29,"b:240:8:240:29:240:29:240:42":5,"s:241:6:241:Infinity":30,"s:244:4:244:Infinity":31}}}
,"/home/unior_obo/Projects/virtualization/src/core/virtualization/types.ts": {"path":"/home/unior_obo/Projects/virtualization/src/core/virtualization/types.ts","statementMap":{},"fnMap":{},"branchMap":{},"s":{},"f":{},"b":{},"meta":{"lastBranch":0,"lastFunction":0,"lastStatement":0,"seen":{}}}
}
